0 info it worked if it ends with ok
1 verbose cli [ '/usr/local/bin/node', '/usr/local/bin/npm', 'login' ]
2 info using npm@2.15.0
3 info using node@v4.4.2
4 verbose adduser before first PUT { _id: 'org.couchdb.user:leon.revill',
4 verbose adduser   name: 'leon.revill',
4 verbose adduser   password: 'XXXXX',
4 verbose adduser   email: 'leon.revill@commontime.com',
4 verbose adduser   type: 'user',
4 verbose adduser   roles: [],
4 verbose adduser   date: '2016-04-18T12:46:32.306Z' }
5 verbose request uri https://registry.npmjs.org/-/user/org.couchdb.user:leon.revill
6 verbose request new user, so can't send auth
7 info attempt registry request try #1 at 1:46:32 PM
8 verbose request id c83cda54f9377de8
9 http request PUT https://registry.npmjs.org/-/user/org.couchdb.user:leon.revill
10 http 401 https://registry.npmjs.org/-/user/org.couchdb.user:leon.revill
11 verbose headers { 'content-type': 'application/json',
11 verbose headers   'cache-control': 'max-age=300',
11 verbose headers   'content-length': '46',
11 verbose headers   'accept-ranges': 'bytes',
11 verbose headers   date: 'Mon, 18 Apr 2016 12:46:33 GMT',
11 verbose headers   via: '1.1 varnish',
11 verbose headers   connection: 'keep-alive',
11 verbose headers   'x-served-by': 'cache-lcy1128-LCY',
11 verbose headers   'x-cache': 'MISS',
11 verbose headers   'x-cache-hits': '0',
11 verbose headers   'x-timer': 'S1460983592.498351,VS0,VE673',
11 verbose headers   vary: 'Accept-Encoding' }
12 verbose request invalidating /Users/richardlewin/.npm/registry.npmjs.org/-/user/org.couchdb.user_3Aleon.revill on PUT
13 verbose adduser back [ { [Error: Registry returned 401 for PUT on https://registry.npmjs.org/-/user/org.couchdb.user:leon.revill] statusCode: 401, code: 'E401' },
13 verbose adduser   { ok: false, id: 'org.couchdb.user:undefined' },
13 verbose adduser   '{"ok":false,"id":"org.couchdb.user:undefined"}' ]
14 warn adduser Incorrect username or password
14 warn adduser You can reset your account by visiting:
14 warn adduser
14 warn adduser     https://npmjs.org/forgot
15 verbose stack Error: Registry returned 401 for PUT on https://registry.npmjs.org/-/user/org.couchdb.user:leon.revill
15 verbose stack     at makeError (/usr/local/lib/node_modules/npm/node_modules/npm-registry-client/lib/request.js:264:12)
15 verbose stack     at CachingRegistryClient.<anonymous> (/usr/local/lib/node_modules/npm/node_modules/npm-registry-client/lib/request.js:242:14)
15 verbose stack     at Request._callback (/usr/local/lib/node_modules/npm/node_modules/npm-registry-client/lib/request.js:172:14)
15 verbose stack     at Request.self.callback (/usr/local/lib/node_modules/npm/node_modules/request/request.js:199:22)
15 verbose stack     at emitTwo (events.js:87:13)
15 verbose stack     at Request.emit (events.js:172:7)
15 verbose stack     at Request.<anonymous> (/usr/local/lib/node_modules/npm/node_modules/request/request.js:1036:10)
15 verbose stack     at emitOne (events.js:82:20)
15 verbose stack     at Request.emit (events.js:169:7)
15 verbose stack     at IncomingMessage.<anonymous> (/usr/local/lib/node_modules/npm/node_modules/request/request.js:963:12)
16 verbose statusCode 401
17 verbose cwd /Users/richardlewin/Code/com.commontime.cordova.thumbnail
18 error Darwin 15.4.0
19 error argv "/usr/local/bin/node" "/usr/local/bin/npm" "login"
20 error node v4.4.2
21 error npm  v2.15.0
22 error code E401
23 error Registry returned 401 for PUT on https://registry.npmjs.org/-/user/org.couchdb.user:leon.revill
24 error If you need help, you may report this error at:
24 error     <https://github.com/npm/npm/issues>
25 verbose exit [ 1, true ]
